{"level":"info","message":"database initialized successfully","service":"my-service"}
{"level":"info","message":"database initialized successfully","service":"my-service"}
{"level":"info","message":"database initialized successfully","service":"my-service"}
{"level":"info","message":"database initialized successfully","service":"my-service"}
{"level":"info","message":"database initialized successfully","service":"my-service"}
{"level":"info","message":"database initialized successfully","service":"my-service"}
{"level":"info","message":"database initialized successfully","service":"my-service"}
{"level":"info","message":"database initialized successfully","service":"my-service"}
{"level":"info","message":"database initialized successfully","service":"my-service"}
{"level":"info","message":"database initialized successfully","service":"my-service"}
{"level":"info","message":"database initialized successfully","service":"my-service"}
{"level":"info","message":"database initialized successfully","service":"my-service"}
{"level":"info","message":"database initialized successfully","service":"my-service"}
{"level":"info","message":"database initialized successfully","service":"my-service"}
{"level":"info","message":"database initialized successfully","service":"my-service"}
{"level":"info","message":"database initialized successfully","service":"my-service"}
{"level":"info","message":"database initialized successfully","service":"my-service"}
{"level":"info","message":"database initialized successfully","service":"my-service"}
{"level":"info","message":"database initialized successfully","service":"my-service"}
{"level":"info","message":"database initialized successfully","service":"my-service"}
{"level":"info","message":"database initialized successfully","service":"my-service"}
{"level":"info","message":"database initialized successfully","service":"my-service"}
{"level":"info","message":"database initialized successfully","service":"my-service"}
{"level":"info","message":"database initialized successfully","service":"my-service"}
{"level":"info","message":"database initialized successfully","service":"my-service"}
{"level":"info","message":"database initialized successfully","service":"my-service"}
{"level":"info","message":"database initialized successfully","service":"my-service"}
{"level":"info","message":"database initialized successfully","service":"my-service"}
{"level":"info","message":"database initialized successfully","service":"my-service"}
{"level":"info","message":"database initialized successfully","service":"my-service"}
{"level":"info","message":"database initialized successfully","service":"my-service"}
{"level":"info","message":"database initialized successfully","service":"my-service"}
{"level":"info","message":"database initialized successfully","service":"my-service"}
{"level":"info","message":"database initialized successfully","service":"my-service"}
{"level":"info","message":"database initialized successfully","service":"my-service"}
{"level":"info","message":"database initialized successfully","service":"my-service"}
{"level":"info","message":"database initialized successfully","service":"my-service"}
{"level":"info","message":"database initialized successfully","service":"my-service"}
{"level":"info","message":"database initialized successfully","service":"my-service"}
{"level":"info","message":"database initialized successfully","service":"my-service"}
{"level":"info","message":"database initialized successfully","service":"my-service"}
{"level":"info","message":"database initialized successfully","service":"my-service"}
{"level":"info","message":"database initialized successfully","service":"my-service"}
{"level":"info","message":"database initialized successfully","service":"my-service"}
{"level":"info","message":"database initialized successfully","service":"my-service"}
{"level":"info","message":"database initialized successfully","service":"my-service"}
{"level":"info","message":"database initialized successfully","service":"my-service"}
{"level":"info","message":"database initialized successfully","service":"my-service"}
{"level":"info","message":"database initialized successfully","service":"my-service"}
{"level":"info","message":"database initialized successfully","service":"my-service"}
{"level":"info","message":"database initialized successfully","service":"my-service"}
{"level":"info","message":"database initialized successfully","service":"my-service"}
{"level":"info","message":"server is running on http://localhost:3000","service":"my-service"}
{"level":"info","message":"server is running on http://localhost:3000","service":"my-service"}
{"level":"info","message":"server is running on http://localhost:3000","service":"my-service"}
{"level":"info","message":"server is running on http://localhost:3000","service":"my-service"}
{"level":"info","message":"server is running on http://localhost:3000","service":"my-service"}
{"level":"info","message":"server is running on http://localhost:3000","service":"my-service"}
{"level":"info","message":"server is running on http://localhost:3000","service":"my-service"}
{"level":"info","message":"server is running on http://localhost:3000","service":"my-service"}
{"level":"info","message":"server is running on http://localhost:3000","service":"my-service"}
{"level":"info","message":"server is running on http://localhost:3000","service":"my-service"}
{"level":"info","message":"server is running on http://localhost:3000","service":"my-service"}
{"level":"info","message":"server is running on http://localhost:3000","service":"my-service"}
{"level":"info","message":"server is running on http://localhost:3000","service":"my-service"}
{"level":"info","message":"server is running on http://localhost:3000","service":"my-service"}
{"level":"info","message":"server is running on http://localhost:3000","service":"my-service"}
{"level":"info","message":"server is running on http://localhost:3000","service":"my-service"}
{"level":"info","message":"server is running on http://localhost:3000","service":"my-service"}
{"level":"info","message":"server is running on http://localhost:3000","service":"my-service"}
{"level":"info","message":"server is running on http://localhost:3000","service":"my-service"}
{"level":"info","message":"server is running on http://localhost:3000","service":"my-service"}
{"level":"info","message":"server is running on http://localhost:3000","service":"my-service"}
{"level":"info","message":"server is running on http://localhost:3000","service":"my-service"}
{"level":"info","message":"server is running on http://localhost:3000","service":"my-service"}
{"level":"info","message":"server is running on http://localhost:3000","service":"my-service"}
{"level":"info","message":"server is running on http://localhost:3000","service":"my-service"}
{"level":"info","message":"server is running on http://localhost:3000","service":"my-service"}
{"level":"info","message":"server is running on http://localhost:3000","service":"my-service"}
{"level":"info","message":"server is running on http://localhost:3000","service":"my-service"}
{"level":"info","message":"server is running on http://localhost:3000","service":"my-service"}
{"level":"info","message":"server is running on http://localhost:3000","service":"my-service"}
{"level":"info","message":"server is running on http://localhost:3000","service":"my-service"}
{"level":"info","message":"server is running on http://localhost:3000","service":"my-service"}
{"level":"info","message":"server is running on http://localhost:3000","service":"my-service"}
{"level":"info","message":"server is running on http://localhost:3000","service":"my-service"}
{"level":"info","message":"server is running on http://localhost:3000","service":"my-service"}
{"level":"info","message":"server is running on http://localhost:3000","service":"my-service"}
{"level":"info","message":"server is running on http://localhost:3000","service":"my-service"}
{"level":"info","message":"server is running on http://localhost:3000","service":"my-service"}
{"level":"info","message":"server is running on http://localhost:3000","service":"my-service"}
{"level":"info","message":"server is running on http://localhost:3000","service":"my-service"}
{"level":"info","message":"server is running on http://localhost:3000","service":"my-service"}
{"level":"info","message":"server is running on http://localhost:3000","service":"my-service"}
{"level":"info","message":"server is running on http://localhost:3000","service":"my-service"}
{"level":"info","message":"server is running on http://localhost:3000","service":"my-service"}
{"level":"info","message":"server is running on http://localhost:3000","service":"my-service"}
{"level":"info","message":"server is running on http://localhost:3000","service":"my-service"}
{"level":"info","message":"server is running on http://localhost:3000","service":"my-service"}
{"level":"info","message":"server is running on http://localhost:3000","service":"my-service"}
{"level":"info","message":"server is running on http://localhost:3000","service":"my-service"}
{"level":"info","message":"server is running on http://localhost:3000","service":"my-service"}
{"level":"info","message":"server is running on http://localhost:3000","service":"my-service"}
{"level":"info","message":"server is running on http://localhost:3000","service":"my-service"}
{"level":"info","message":"server is running on http://localhost:3000","service":"my-service"}
{"level":"info","message":"server is running on http://localhost:3000","service":"my-service"}
{"level":"info","message":"server is running on http://localhost:3000","service":"my-service"}
{"level":"info","message":"server is running on http://localhost:3000","service":"my-service"}
{"level":"info","message":"server is running on http://localhost:3000","service":"my-service"}
{"level":"info","message":"server is running on http://localhost:3000","service":"my-service"}
{"level":"info","message":"server is running on http://localhost:3000","service":"my-service"}
{"level":"info","message":"server is running on http://localhost:3000","service":"my-service"}
{"level":"info","message":"server is running on http://localhost:3000","service":"my-service"}
{"level":"info","message":"server is running on http://localhost:3000","service":"my-service"}
{"level":"info","message":"server is running on http://localhost:3000","service":"my-service"}
{"level":"info","message":"server is running on http://localhost:3000","service":"my-service"}
{"level":"info","message":"server is running on http://localhost:3000","service":"my-service"}
{"level":"info","message":"server is running on http://localhost:3000","service":"my-service"}
{"level":"info","message":"server is running on http://localhost:3000","service":"my-service"}
{"level":"info","message":"server is running on http://localhost:3000","service":"my-service"}
{"level":"info","message":"server is running on http://localhost:3000","service":"my-service"}
{"level":"info","message":"server is running on http://localhost:3000","service":"my-service"}
{"level":"info","message":"server is running on http://localhost:3000","service":"my-service"}
{"level":"info","message":"server is running on http://localhost:3000","service":"my-service"}
{"level":"info","message":"server is running on http://localhost:3000","service":"my-service"}
{"level":"info","message":"server is running on http://localhost:3000","service":"my-service"}
{"level":"info","message":"server is running on http://localhost:3000","service":"my-service"}
{"level":"info","message":"server is running on http://localhost:3000","service":"my-service"}
{"level":"info","message":"server is running on http://localhost:3000","service":"my-service"}
{"level":"info","message":"server is running on http://localhost:3000","service":"my-service"}
{"level":"info","message":"server is running on http://localhost:3000","service":"my-service"}
{"level":"info","message":"server is running on http://localhost:3000","service":"my-service"}
{"level":"info","message":"server is running on http://localhost:3000","service":"my-service"}
{"level":"info","message":"server is running on http://localhost:3000","service":"red-tetris_okay"}
{"level":"info","message":"server is running on http://localhost:3000","service":"red-tetris_okay"}
{"level":"info","message":"server is running on http://localhost:3000","service":"red-tetris_okay"}
{"level":"info","message":"server is running on http://localhost:3000","service":"red-tetris_okay"}
{"level":"info","message":"server is running on http://localhost:3000","service":"red-tetris_okay"}
{"level":"info","message":"server is running on http://localhost:3000","service":"red-tetris_okay"}
{"level":"info","message":"server is running on http://localhost:3000","service":"red-tetris_okay"}
{"level":"info","message":"server is running on http://localhost:3000","service":"red-tetris_okay"}
{"level":"info","message":"server is running on http://localhost:3000","service":"red-tetris_okay"}
{"level":"info","message":"server is running on http://localhost:3000","service":"red-tetris_okay"}
{"level":"info","message":"server is running on http://localhost:3000","service":"red-tetris_okay"}
{"level":"info","message":"server is running on http://localhost:3000","service":"red-tetris_okay"}
{"level":"info","message":"server is running on http://localhost:3000","service":"red-tetris_okay"}
{"level":"info","message":"server is running on http://localhost:3000","service":"red-tetris_okay"}
{"level":"info","message":"server is running on http://localhost:3000","service":"red-tetris_okay"}
{"level":"info","message":"server is running on http://localhost:3000","service":"red-tetris_okay"}
{"level":"info","message":"server is running on http://localhost:3000","service":"red-tetris_okay"}
{"level":"info","message":"server is running on http://localhost:3000","service":"red-tetris_okay"}
{"level":"info","message":"server is running on http://localhost:3000","service":"red-tetris_okay"}
{"level":"info","message":"server is running on http://localhost:3000","service":"red-tetris_okay"}
{"level":"info","message":"server is running on http://localhost:3000","service":"red-tetris_okay"}
{"level":"info","message":"server is running on http://localhost:3000","service":"red-tetris_okay"}
{"level":"info","message":"server is running on http://localhost:3000","service":"red-tetris_okay"}
{"level":"info","message":"server is running on http://localhost:3000","service":"red-tetris_okay"}
{"level":"info","message":"server is running on http://localhost:3000","service":"red-tetris_okay"}
{"level":"info","message":"server is running on http://localhost:3000","service":"red-tetris_okay"}
{"level":"info","message":"server is running on http://localhost:3000","service":"red-tetris_okay"}
{"level":"info","message":"server is running on http://localhost:3000","service":"red-tetris_okay"}
{"level":"info","message":"server is running on http://localhost:3000","service":"red-tetris_okay"}
{"level":"info","message":"server is running on http://localhost:3000","service":"red-tetris_okay"}
{"level":"info","message":"server is running on http://localhost:3000","service":"red-tetris_okay"}
{"level":"info","message":"server is running on http://localhost:3000","service":"red-tetris_okay"}
{"level":"info","message":"server is running on http://localhost:3000","service":"red-tetris_okay"}
{"level":"info","message":"----------------------","service":"red-tetris_okay"}
{"level":"info","message":"server is running on http://localhost:3000","service":"red-tetris_okay"}
{"level":"info","message":"----------------------","service":"red-tetris_okay"}
{"level":"info","message":"server is running on http://localhost:3000","service":"red-tetris_okay"}
{"level":"info","message":"++++++++++++++++++++++++++=New client connected","service":"red-tetris_okay"}
{"level":"info","message":"Client disconnected","service":"red-tetris_okay"}
{"level":"info","message":"++++++++++++++++++++++++++=New client connected","service":"red-tetris_okay"}
{"level":"info","message":"----------------------","service":"red-tetris_okay"}
{"level":"info","message":"server is running on http://localhost:3000","service":"red-tetris_okay"}
{"level":"info","message":"----------------------","service":"red-tetris_okay"}
{"level":"info","message":"server is running on http://localhost:3000","service":"red-tetris_okay"}
{"level":"info","message":"----------------------","service":"red-tetris_okay"}
{"level":"info","message":"server is running on http://localhost:3000","service":"red-tetris_okay"}
{"level":"info","message":"----------------------","service":"red-tetris_okay"}
{"level":"info","message":"server is running on http://localhost:3000","service":"red-tetris_okay"}
{"level":"info","message":"----------------------","service":"red-tetris_okay"}
{"level":"info","message":"server is running on http://localhost:3000","service":"red-tetris_okay"}
{"level":"info","message":"----------------------","service":"red-tetris_okay"}
{"level":"info","message":"server is running on http://localhost:3000","service":"red-tetris_okay"}
{"level":"info","message":"----------------------","service":"red-tetris_okay"}
{"level":"info","message":"server is running on http://localhost:3000","service":"red-tetris_okay"}
{"level":"info","message":"----------------------","service":"red-tetris_okay"}
{"level":"info","message":"server is running on http://localhost:3000","service":"red-tetris_okay"}
{"level":"info","message":"----------------------","service":"red-tetris_okay"}
{"level":"info","message":"server is running on http://localhost:3000","service":"red-tetris_okay"}
{"level":"info","message":"Client disconnected","service":"red-tetris_okay"}
{"level":"info","message":"++++++++++++++++++++++++++=New client connected","service":"red-tetris_okay"}
{"level":"info","message":"----------------------","service":"red-tetris_okay"}
{"level":"info","message":"server is running on http://localhost:3000","service":"red-tetris_okay"}
{"level":"info","message":"----------------------","service":"red-tetris_okay"}
{"level":"info","message":"server is running on http://localhost:3000","service":"red-tetris_okay"}
{"level":"info","message":"Client disconnected","service":"red-tetris_okay"}
{"level":"info","message":"++++++++++++++++++++++++++=New client connected","service":"red-tetris_okay"}
{"level":"info","message":"Client disconnected","service":"red-tetris_okay"}
{"level":"info","message":"++++++++++++++++++++++++++=New client connected","service":"red-tetris_okay"}
{"level":"info","message":"----------------------","service":"red-tetris_okay"}
{"level":"info","message":"server is running on http://localhost:3000","service":"red-tetris_okay"}
{"level":"info","message":"----------------------","service":"red-tetris_okay"}
{"level":"info","message":"server is running on http://localhost:3000","service":"red-tetris_okay"}
{"level":"info","message":"Client disconnected","service":"red-tetris_okay"}
{"level":"info","message":"user authenticated","service":"red-tetris_okay"}
{"level":"info","message":"++++++++++++++++++++++++++=New client connected","service":"red-tetris_okay"}
{"level":"info","message":"User undefined connected","service":"red-tetris_okay"}
{"level":"info","message":"----------------------","service":"red-tetris_okay"}
{"level":"info","message":"server is running on http://localhost:3000","service":"red-tetris_okay"}
{"level":"info","message":"----------------------","service":"red-tetris_okay"}
{"level":"info","message":"server is running on http://localhost:3000","service":"red-tetris_okay"}
{"level":"info","message":"----------------------","service":"red-tetris_okay"}
{"level":"info","message":"server is running on http://localhost:3000","service":"red-tetris_okay"}
{"level":"info","message":"Client disconnected","service":"red-tetris_okay"}
{"level":"info","message":"user authenticated","service":"red-tetris_okay"}
{"level":"info","message":"++++++++++++++++++++++++++=New client connected","service":"red-tetris_okay"}
{"level":"info","message":"User undefined connected","service":"red-tetris_okay"}
{"level":"info","message":"----------------------","service":"red-tetris_okay"}
{"level":"info","message":"server is running on http://localhost:3000","service":"red-tetris_okay"}
{"level":"info","message":"----------------------","service":"red-tetris_okay"}
{"level":"info","message":"server is running on http://localhost:3000","service":"red-tetris_okay"}
{"level":"info","message":"----------------------","service":"red-tetris_okay"}
{"level":"info","message":"server is running on http://localhost:3000","service":"red-tetris_okay"}
{"level":"info","message":"Client disconnected","service":"red-tetris_okay"}
{"level":"info","message":"user authenticated","service":"red-tetris_okay"}
{"level":"info","message":"++++++++++++++++++++++++++=New client connected","service":"red-tetris_okay"}
{"level":"info","message":"User undefined connected","service":"red-tetris_okay"}
{"level":"info","message":"----------------------","service":"red-tetris_okay"}
{"level":"info","message":"server is running on http://localhost:3000","service":"red-tetris_okay"}
{"level":"info","message":"Client disconnected","service":"red-tetris_okay"}
{"level":"info","message":"user authenticated","service":"red-tetris_okay"}
{"level":"info","message":"++++++++++++++++++++++++++=New client connected","service":"red-tetris_okay"}
{"level":"info","message":"User undefined connected","service":"red-tetris_okay"}
{"level":"info","message":"----------------------","service":"red-tetris_okay"}
{"level":"info","message":"server is running on http://localhost:3000","service":"red-tetris_okay"}
{"level":"info","message":"Client disconnected","service":"red-tetris_okay"}
{"level":"info","message":"user authenticated","service":"red-tetris_okay"}
{"level":"info","message":"++++++++++++++++++++++++++=New client connected","service":"red-tetris_okay"}
{"level":"info","message":"User undefined connected","service":"red-tetris_okay"}
{"level":"info","message":"----------------------","service":"red-tetris_okay"}
{"level":"info","message":"server is running on http://localhost:3000","service":"red-tetris_okay"}
{"level":"info","message":"server is running on http://localhost:3000","service":"red-tetris_okay"}
{"level":"info","message":"Client disconnected","service":"red-tetris_okay"}
{"level":"info","message":"server is running on http://localhost:3000","service":"red-tetris_okay"}
{"level":"info","message":"server is running on http://localhost:3000","service":"red-tetris_okay"}
{"level":"info","message":"server is running on http://localhost:3000","service":"red-tetris_okay"}
{"level":"info","message":"server is running on http://localhost:3000","service":"red-tetris_okay"}
{"level":"info","message":"server is running on http://localhost:3000","service":"red-tetris_okay"}
{"level":"info","message":"socket: user shinobi87 authenticated","service":"red-tetris_okay"}
{"level":"info","message":"++++++++++++++++++++++++++=New client connected","service":"red-tetris_okay"}
{"level":"info","message":"User undefined connected","service":"red-tetris_okay"}
