{"level":"warn","message":"!!!!!!!!!!!!!!!! middle","service":"red-tetris_okay"}
{"level":"warn","message":"!!!!!!!!!!!!!!!! middle","service":"red-tetris_okay"}
{"level":"warn","message":"!!!!!!!!!!!!!!!! middle","service":"red-tetris_okay"}
{"level":"warn","message":"!!!!!!!!!!!!!!!! middle","service":"red-tetris_okay"}
{"level":"warn","message":"!!!!!!!!!!!!!!!! middle","service":"red-tetris_okay"}
{"level":"warn","message":"!!!!!!!!!!!!!!!! middle","service":"red-tetris_okay"}
{"level":"warn","message":"!!!!!!!!!!!!!!!! middle","service":"red-tetris_okay"}
{"level":"error","message":"NOWAY","service":"red-tetris_okay"}
{"level":"warn","message":"!!!!!!!!!!!!!!!! middle","service":"red-tetris_okay"}
{"level":"error","message":"NOWAY","service":"red-tetris_okay"}
{"level":"warn","message":"!!!!!!!!!!!!!!!! middle","service":"red-tetris_okay"}
{"level":"warn","message":"!!!!!!!!!!!!!!!! middle","service":"red-tetris_okay"}
{"level":"error","message":"NOWAY","service":"red-tetris_okay"}
{"level":"warn","message":"!!!!!!!!!!!!!!!! middle","service":"red-tetris_okay"}
{"level":"error","message":"NOWAY","service":"red-tetris_okay"}
{"level":"warn","message":"!!!!!!!!!!!!!!!! middle","service":"red-tetris_okay"}
{"level":"error","message":"NOWAY","service":"red-tetris_okay"}
{"level":"error","message":"TOKEN","service":"red-tetris_okay"}
{"level":"warn","message":"!!!!!!!!!!!!!!!! middle","service":"red-tetris_okay"}
{"level":"error","message":"NOWAY","service":"red-tetris_okay"}
{"level":"error","message":"TOKEN null","service":"red-tetris_okay"}
{"level":"warn","message":"!!!!!!!!!!!!!!!! middle","service":"red-tetris_okay"}
{"level":"error","message":"NOWAY","service":"red-tetris_okay"}
{"level":"error","message":"TOKEN null","service":"red-tetris_okay"}
{"level":"warn","message":"!!!!!!!!!!!!!!!! middle","service":"red-tetris_okay"}
{"level":"error","message":"NOWAY","service":"red-tetris_okay"}
{"level":"error","message":"TOKEN null","service":"red-tetris_okay"}
{"level":"warn","message":"!!!!!!!!!!!!!!!! middle","service":"red-tetris_okay"}
{"level":"error","message":"NOWAY","service":"red-tetris_okay"}
{"level":"error","message":"TOKEN null","service":"red-tetris_okay"}
{"level":"warn","message":"!!!!!!!!!!!!!!!! middle","service":"red-tetris_okay"}
{"level":"error","message":"NOWAY","service":"red-tetris_okay"}
{"level":"error","message":"TOKEN null","service":"red-tetris_okay"}
{"level":"warn","message":"!!!!!!!!!!!!!!!! middle","service":"red-tetris_okay"}
{"level":"warn","message":"!!!!!!!!!!!!!!!! middle","service":"red-tetris_okay"}
{"level":"warn","message":"!!!!!!!!!!!!!!!! middle","service":"red-tetris_okay"}
{"level":"warn","message":"!!!!!!!!!!!!!!!! middle","service":"red-tetris_okay"}
{"level":"warn","message":"!!!!!!!!!!!!!!!! middle","service":"red-tetris_okay"}
{"level":"warn","message":"!!!!!!!!!!!!!!!! middle","service":"red-tetris_okay"}
{"level":"warn","message":"!!!!!!!!!!!!!!!! middle","service":"red-tetris_okay"}
{"level":"warn","message":"!!!!!!!!!!!!!!!! middle","service":"red-tetris_okay"}
{"level":"warn","message":"!!!!!!!!!!!!!!!! middle","service":"red-tetris_okay"}
{"level":"warn","message":"!!!!!!!!!!!!!!!! middle","service":"red-tetris_okay"}
{"level":"warn","message":"!!!!!!!!!!!!!!!! middle","service":"red-tetris_okay"}
{"level":"warn","message":"!!!!!!!!!!!!!!!! middle","service":"red-tetris_okay"}
{"level":"warn","message":"!!!!!!!!!!!!!!!! middle","service":"red-tetris_okay"}
{"level":"warn","message":"!!!!!!!!!!!!!!!! middle","service":"red-tetris_okay"}
{"level":"warn","message":"!!!!!!!!!!!!!!!! middle","service":"red-tetris_okay"}
{"level":"warn","message":"!!!!!!!!!!!!!!!! middle","service":"red-tetris_okay"}
{"level":"warn","message":"!!!!!!!!!!!!!!!! middle","service":"red-tetris_okay"}
{"level":"warn","message":"!!!!!!!!!!!!!!!! middle","service":"red-tetris_okay"}
{"level":"warn","message":"!!!!!!!!!!!!!!!! middle","service":"red-tetris_okay"}
{"level":"warn","message":"!!!!!!!!!!!!!!!! middle","service":"red-tetris_okay"}
{"level":"warn","message":"!!!!!!!!!!!!!!!! middle","service":"red-tetris_okay"}
{"level":"warn","message":"!!!!!!!!!!!!!!!! middle","service":"red-tetris_okay"}
{"level":"warn","message":"!!!!!!!!!!!!!!!! middle","service":"red-tetris_okay"}
{"level":"warn","message":"!!!!!!!!!!!!!!!! middle","service":"red-tetris_okay"}
{"level":"warn","message":"!!!!!!!!!!!!!!!! middle","service":"red-tetris_okay"}
{"level":"warn","message":"!!!!!!!!!!!!!!!! middle","service":"red-tetris_okay"}
{"level":"warn","message":"!!!!!!!!!!!!!!!! middle","service":"red-tetris_okay"}
{"level":"warn","message":"!!!!!!!!!!!!!!!! middle","service":"red-tetris_okay"}
{"level":"warn","message":"!!!!!!!!!!!!!!!! middle","service":"red-tetris_okay"}
{"level":"warn","message":"!!!!!!!!!!!!!!!! middle","service":"red-tetris_okay"}
{"level":"warn","message":"!!!!!!!!!!!!!!!! middle","service":"red-tetris_okay"}
{"level":"warn","message":"!!!!!!!!!!!!!!!! middle","service":"red-tetris_okay"}
{"level":"warn","message":"!!!!!!!!!!!!!!!! middle","service":"red-tetris_okay"}
{"level":"warn","message":"!!!!!!!!!!!!!!!! middle","service":"red-tetris_okay"}
{"level":"warn","message":"!!!!!!!!!!!!!!!! middle","service":"red-tetris_okay"}
{"level":"warn","message":"!!!!!!!!!!!!!!!! middle","service":"red-tetris_okay"}
{"level":"warn","message":"!!!!!!!!!!!!!!!! middle","service":"red-tetris_okay"}
{"level":"warn","message":"!!!!!!!!!!!!!!!! middle","service":"red-tetris_okay"}
{"level":"warn","message":"!!!!!!!!!!!!!!!! middle","service":"red-tetris_okay"}
{"level":"warn","message":"!!!!!!!!!!!!!!!! middle","service":"red-tetris_okay"}
{"level":"warn","message":"!!!!!!!!!!!!!!!! middle","service":"red-tetris_okay"}
{"level":"warn","message":"!!!!!!!!!!!!!!!! middle","service":"red-tetris_okay"}
{"level":"warn","message":"!!!!!!!!!!!!!!!! middle","service":"red-tetris_okay"}
{"level":"warn","message":"!!!!!!!!!!!!!!!! middle","service":"red-tetris_okay"}
{"level":"warn","message":"!!!!!!!!!!!!!!!! middle","service":"red-tetris_okay"}
{"level":"warn","message":"RESULT {\"name\":\"dfgdfg\",\"isPublic\":true,\"owner\":1,\"solo\":true,\"gameStarted\":false,\"id\":0}","service":"red-tetris_okay"}
{"level":"warn","message":"ROOM {\"name\":\"sdfsfdsfd\",\"isPublic\":true,\"owner\":1,\"solo\":true,\"gameStarted\":false,\"id\":0}","service":"red-tetris_okay"}
{"level":"warn","message":"ROOM {\"name\":\"mnbjk,njml\",\"isPublic\":true,\"owner\":1,\"solo\":true,\"gameStarted\":false,\"id\":0}","service":"red-tetris_okay"}
{"level":"warn","message":"ROOM {\"name\":\"sdfsdfsfd\",\"isPublic\":true,\"owner\":1,\"solo\":true,\"gameStarted\":false,\"id\":0}","service":"red-tetris_okay"}
{"level":"warn","message":"ROOM {\"name\":\"ghjghjk\",\"isPublic\":true,\"owner\":1,\"solo\":true,\"gameStarted\":false,\"id\":0}","service":"red-tetris_okay"}
{"level":"warn","message":"ROOM {\"name\":\"dfgdfgdfg\",\"isPublic\":true,\"owner\":1,\"solo\":false,\"gameStarted\":false,\"id\":0,\"opponent\":2}","service":"red-tetris_okay"}
{"level":"warn","message":"ROOM {\"name\":\"dfgdfgdfg\",\"isPublic\":true,\"owner\":1,\"solo\":false,\"gameStarted\":false,\"id\":1,\"opponent\":2}","service":"red-tetris_okay"}
{"level":"warn","message":"ROOM {\"name\":\"dfgdfgdfg\",\"isPublic\":true,\"owner\":1,\"solo\":true,\"gameStarted\":false,\"id\":0,\"opponent\":2}","service":"red-tetris_okay"}
{"level":"warn","message":"ROOM {\"name\":\"sdfsdfsdfsdf\",\"isPublic\":true,\"owner\":1,\"solo\":false,\"gameStarted\":false,\"id\":0,\"opponent\":2}","service":"red-tetris_okay"}
{"level":"warn","message":"ROOM {\"name\":\"sdfsdfsfd\",\"isPublic\":false,\"owner\":1,\"solo\":true,\"gameStarted\":false,\"id\":0,\"opponent\":2}","service":"red-tetris_okay"}
{"level":"warn","message":"ROOM {\"name\":\"sdgdfg\",\"isPublic\":true,\"owner\":1,\"solo\":true,\"gameStarted\":false,\"id\":1,\"opponent\":2}","service":"red-tetris_okay"}
{"level":"warn","message":"ROOM {\"name\":\"vhbnbnkmbjn\",\"isPublic\":true,\"owner\":1,\"solo\":false,\"gameStarted\":false,\"id\":0,\"opponent\":1}","service":"red-tetris_okay"}
{"level":"warn","message":"ROOM {\"name\":\"dfgdfg\",\"isPublic\":true,\"owner\":1,\"solo\":false,\"gameStarted\":false,\"id\":1,\"opponent\":2}","service":"red-tetris_okay"}
{"level":"warn","message":"ROOM {\"name\":\"gfhfghfg\",\"isPublic\":true,\"owner\":1,\"solo\":false,\"gameStarted\":false,\"id\":0,\"opponent\":2}","service":"red-tetris_okay"}
{"level":"warn","message":"ROOM {\"name\":\"dfgdfgdfg\",\"isPublic\":true,\"owner\":1,\"solo\":false,\"gameStarted\":false,\"id\":0,\"opponent\":2}","service":"red-tetris_okay"}
{"level":"warn","message":"ROOM {\"name\":\"gfjhgfj\",\"isPublic\":true,\"owner\":1,\"solo\":false,\"gameStarted\":false,\"id\":0,\"opponent\":2}","service":"red-tetris_okay"}
{"level":"warn","message":"ROOM {\"name\":\"dfgsdgfsdffffsdfsdf\",\"isPublic\":true,\"owner\":1,\"solo\":false,\"gameStarted\":false,\"id\":0,\"opponent\":2}","service":"red-tetris_okay"}
{"level":"warn","message":"ROOM {\"name\":\"dfgdfgdfg\",\"isPublic\":true,\"owner\":1,\"solo\":false,\"gameStarted\":false,\"id\":1,\"opponent\":2}","service":"red-tetris_okay"}
{"level":"warn","message":"ROOM {\"name\":\"dgsffffdggfd\",\"isPublic\":true,\"owner\":1,\"solo\":true,\"gameStarted\":false,\"id\":0,\"opponent\":2}","service":"red-tetris_okay"}
{"level":"warn","message":"ROOM {\"name\":\"sdfsdf\",\"isPublic\":true,\"owner\":1,\"solo\":false,\"gameStarted\":false,\"id\":0,\"opponent\":2}","service":"red-tetris_okay"}
{"level":"warn","message":"ROOM {\"name\":\"dfggdffg\",\"isPublic\":true,\"owner\":1,\"solo\":false,\"gameStarted\":false,\"id\":0,\"opponent\":2}","service":"red-tetris_okay"}
{"level":"warn","message":"BR1","service":"red-tetris_okay"}
{"level":"warn","message":"BR2","service":"red-tetris_okay"}
{"level":"warn","message":"BR1","service":"red-tetris_okay"}
{"level":"warn","message":"BR2","service":"red-tetris_okay"}
{"level":"warn","message":"ROOM {\"name\":\"dfgdfgg\",\"isPublic\":true,\"owner\":1,\"solo\":false,\"gameStarted\":false,\"id\":0,\"opponent\":2}","service":"red-tetris_okay"}
{"level":"warn","message":"BR1","service":"red-tetris_okay"}
{"level":"warn","message":"BR1","service":"red-tetris_okay"}
{"level":"warn","message":"BR1","service":"red-tetris_okay"}
{"level":"warn","message":"BR1","service":"red-tetris_okay"}
{"level":"warn","message":"BR1","service":"red-tetris_okay"}
{"level":"warn","message":"BR1","service":"red-tetris_okay"}
{"level":"warn","message":"BR1","service":"red-tetris_okay"}
{"level":"warn","message":"BR1","service":"red-tetris_okay"}
{"level":"warn","message":"BR1","service":"red-tetris_okay"}
{"level":"warn","message":"BR1","service":"red-tetris_okay"}
{"level":"warn","message":"BR1","service":"red-tetris_okay"}
{"level":"warn","message":"BR1","service":"red-tetris_okay"}
{"level":"warn","message":"BR1","service":"red-tetris_okay"}
{"level":"warn","message":"BR1","service":"red-tetris_okay"}
{"level":"warn","message":"BR1","service":"red-tetris_okay"}
{"level":"warn","message":"BR1","service":"red-tetris_okay"}
{"level":"warn","message":"BR2","service":"red-tetris_okay"}
{"level":"warn","message":"BR1","service":"red-tetris_okay"}
{"level":"warn","message":"BR1","service":"red-tetris_okay"}
{"level":"warn","message":"BR1","service":"red-tetris_okay"}
{"level":"warn","message":"BR1","service":"red-tetris_okay"}
{"level":"warn","message":"BR1","service":"red-tetris_okay"}
{"level":"warn","message":"BR1","service":"red-tetris_okay"}
{"level":"warn","message":"BR1","service":"red-tetris_okay"}
{"level":"warn","message":"BR1","service":"red-tetris_okay"}
{"level":"warn","message":"BR1","service":"red-tetris_okay"}
{"level":"warn","message":"BR1","service":"red-tetris_okay"}
{"level":"warn","message":"BR1","service":"red-tetris_okay"}
{"level":"warn","message":"BR1","service":"red-tetris_okay"}
{"level":"warn","message":"BR1","service":"red-tetris_okay"}
{"level":"warn","message":"BR1","service":"red-tetris_okay"}
{"level":"warn","message":"BR1","service":"red-tetris_okay"}
{"level":"warn","message":"ROOM {\"name\":\"sdfsdf\",\"isPublic\":true,\"owner\":1,\"solo\":false,\"gameStarted\":false,\"id\":1,\"opponent\":2}","service":"red-tetris_okay"}
{"level":"warn","message":"BR1","service":"red-tetris_okay"}
{"level":"warn","message":"BR2","service":"red-tetris_okay"}
{"level":"warn","message":"BR1","service":"red-tetris_okay"}
{"level":"warn","message":"BR2","service":"red-tetris_okay"}
{"level":"warn","message":"BR1","service":"red-tetris_okay"}
{"level":"warn","message":"BR2","service":"red-tetris_okay"}
{"level":"warn","message":"BR1","service":"red-tetris_okay"}
{"level":"warn","message":"BR2","service":"red-tetris_okay"}
{"level":"warn","message":"ROOM {\"name\":\"sdfsdf\",\"isPublic\":true,\"owner\":1,\"solo\":false,\"gameStarted\":false,\"id\":0,\"opponent\":2}","service":"red-tetris_okay"}
{"level":"warn","message":"BR1","service":"red-tetris_okay"}
{"level":"warn","message":"BR2","service":"red-tetris_okay"}
{"level":"warn","message":"BR1","service":"red-tetris_okay"}
{"level":"warn","message":"BR1","service":"red-tetris_okay"}
{"level":"warn","message":"BR2","service":"red-tetris_okay"}
{"level":"warn","message":"BR1","service":"red-tetris_okay"}
{"level":"warn","message":"BR1","service":"red-tetris_okay"}
{"level":"warn","message":"BR1","service":"red-tetris_okay"}
{"level":"warn","message":"BR2","service":"red-tetris_okay"}
{"level":"warn","message":"BR1","service":"red-tetris_okay"}
{"level":"warn","message":"BR2","service":"red-tetris_okay"}
{"level":"warn","message":"ROOM {\"name\":\"gfhgfhfgh\",\"isPublic\":true,\"owner\":1,\"solo\":false,\"gameStarted\":false,\"id\":1,\"opponent\":2}","service":"red-tetris_okay"}
{"level":"warn","message":"BR1","service":"red-tetris_okay"}
{"level":"warn","message":"BR2","service":"red-tetris_okay"}
{"level":"warn","message":"BR1","service":"red-tetris_okay"}
{"level":"warn","message":"BR2","service":"red-tetris_okay"}
{"level":"warn","message":"BR1","service":"red-tetris_okay"}
{"level":"warn","message":"BR2","service":"red-tetris_okay"}
{"level":"warn","message":"BR1","service":"red-tetris_okay"}
{"level":"warn","message":"BR1","service":"red-tetris_okay"}
{"level":"warn","message":"BR1","service":"red-tetris_okay"}
{"level":"warn","message":"BR1","service":"red-tetris_okay"}
{"level":"warn","message":"BR1","service":"red-tetris_okay"}
{"level":"warn","message":"BR2","service":"red-tetris_okay"}
{"level":"warn","message":"BR1","service":"red-tetris_okay"}
{"level":"warn","message":"BR1","service":"red-tetris_okay"}
{"level":"warn","message":"BR2","service":"red-tetris_okay"}
{"level":"warn","message":"ROOM {\"name\":\"dfgdfg\",\"isPublic\":true,\"owner\":1,\"solo\":false,\"gameStarted\":false,\"id\":3,\"opponent\":2}","service":"red-tetris_okay"}
{"level":"warn","message":"BR1","service":"red-tetris_okay"}
{"level":"warn","message":"BR2","service":"red-tetris_okay"}
{"level":"warn","message":"BR1","service":"red-tetris_okay"}
{"level":"warn","message":"BR1","service":"red-tetris_okay"}
{"level":"warn","message":"BR2","service":"red-tetris_okay"}
{"level":"warn","message":"ROOM {\"name\":\"asdasdas\",\"isPublic\":true,\"owner\":1,\"solo\":false,\"gameStarted\":false,\"id\":0,\"opponent\":2}","service":"red-tetris_okay"}
{"level":"warn","message":"BR1","service":"red-tetris_okay"}
{"level":"warn","message":"BR2","service":"red-tetris_okay"}
{"level":"warn","message":"BR1","service":"red-tetris_okay"}
{"level":"warn","message":"BR1","service":"red-tetris_okay"}
{"level":"warn","message":"BR2","service":"red-tetris_okay"}
{"level":"warn","message":"ROOM {\"name\":\"sdfsdfsdf\",\"isPublic\":true,\"owner\":1,\"solo\":false,\"gameStarted\":false,\"id\":0,\"opponent\":2}","service":"red-tetris_okay"}
{"level":"warn","message":"BR1","service":"red-tetris_okay"}
{"level":"warn","message":"BR2","service":"red-tetris_okay"}
{"level":"warn","message":"BR1","service":"red-tetris_okay"}
{"level":"warn","message":"BR2","service":"red-tetris_okay"}
{"level":"warn","message":"ROOM {\"name\":\"asdasdfsdf\",\"isPublic\":true,\"owner\":1,\"solo\":false,\"gameStarted\":false,\"id\":2,\"opponent\":2}","service":"red-tetris_okay"}
{"level":"warn","message":"BR1","service":"red-tetris_okay"}
{"level":"warn","message":"BR2","service":"red-tetris_okay"}
{"level":"warn","message":"ROOM {\"name\":\"asdasdfsdf\",\"isPublic\":true,\"owner\":1,\"solo\":false,\"gameStarted\":false,\"id\":2,\"opponent\":2}","service":"red-tetris_okay"}
{"level":"warn","message":"BR1","service":"red-tetris_okay"}
{"level":"warn","message":"BR2","service":"red-tetris_okay"}
{"level":"warn","message":"ROOM {\"name\":\"asdasdfsdf\",\"isPublic\":true,\"owner\":1,\"solo\":false,\"gameStarted\":false,\"id\":2,\"opponent\":2}","service":"red-tetris_okay"}
{"level":"warn","message":"BR1","service":"red-tetris_okay"}
{"level":"warn","message":"BR2","service":"red-tetris_okay"}
{"level":"warn","message":"BR1","service":"red-tetris_okay"}
{"level":"warn","message":"ROOM {\"name\":\"dfggdf\",\"isPublic\":true,\"owner\":1,\"solo\":false,\"gameStarted\":false,\"id\":3,\"opponent\":2}","service":"red-tetris_okay"}
{"level":"warn","message":"BR1","service":"red-tetris_okay"}
{"level":"warn","message":"BR2","service":"red-tetris_okay"}
{"level":"warn","message":"ROOM {\"name\":\"dfggdf\",\"isPublic\":true,\"owner\":1,\"solo\":false,\"gameStarted\":false,\"id\":3,\"opponent\":2}","service":"red-tetris_okay"}
{"level":"warn","message":"BR1","service":"red-tetris_okay"}
{"level":"warn","message":"BR2","service":"red-tetris_okay"}
{"level":"warn","message":"ROOM {\"name\":\"dfggdf\",\"isPublic\":true,\"owner\":1,\"solo\":false,\"gameStarted\":false,\"id\":3,\"opponent\":2}","service":"red-tetris_okay"}
{"level":"warn","message":"BR1","service":"red-tetris_okay"}
{"level":"warn","message":"BR2","service":"red-tetris_okay"}
{"level":"warn","message":"ROOM {\"name\":\"dfggdf\",\"isPublic\":true,\"owner\":1,\"solo\":false,\"gameStarted\":false,\"id\":3,\"opponent\":2}","service":"red-tetris_okay"}
{"level":"warn","message":"BR1","service":"red-tetris_okay"}
{"level":"warn","message":"BR2","service":"red-tetris_okay"}
{"level":"warn","message":"ROOM {\"name\":\"dfggdf\",\"isPublic\":true,\"owner\":1,\"solo\":false,\"gameStarted\":false,\"id\":3,\"opponent\":2}","service":"red-tetris_okay"}
{"level":"warn","message":"BR1","service":"red-tetris_okay"}
{"level":"warn","message":"BR2","service":"red-tetris_okay"}
{"level":"warn","message":"ROOM {\"name\":\"dfggdf\",\"isPublic\":true,\"owner\":1,\"solo\":false,\"gameStarted\":false,\"id\":3,\"opponent\":2}","service":"red-tetris_okay"}
{"level":"warn","message":"BR1","service":"red-tetris_okay"}
{"level":"warn","message":"BR2","service":"red-tetris_okay"}
{"level":"warn","message":"ROOM {\"name\":\"dfggdf\",\"isPublic\":true,\"owner\":1,\"solo\":false,\"gameStarted\":false,\"id\":3,\"opponent\":2}","service":"red-tetris_okay"}
{"level":"warn","message":"BR1","service":"red-tetris_okay"}
{"level":"warn","message":"BR2","service":"red-tetris_okay"}
{"level":"warn","message":"ROOM {\"name\":\"dfggdf\",\"isPublic\":true,\"owner\":1,\"solo\":false,\"gameStarted\":false,\"id\":3,\"opponent\":2}","service":"red-tetris_okay"}
{"level":"warn","message":"BR1","service":"red-tetris_okay"}
{"level":"warn","message":"BR2","service":"red-tetris_okay"}
{"level":"warn","message":"ROOM {\"name\":\"dfggdf\",\"isPublic\":true,\"owner\":1,\"solo\":false,\"gameStarted\":false,\"id\":3,\"opponent\":2}","service":"red-tetris_okay"}
{"level":"warn","message":"BR1","service":"red-tetris_okay"}
{"level":"warn","message":"BR2","service":"red-tetris_okay"}
